[debug] [2024-04-05T17:55:29.867Z] ----------------------------------------------------------------------
[debug] [2024-04-05T17:55:29.870Z] Command:       C:\Program Files\nodejs\node.exe C:\Users\rolan\AppData\Roaming\npm\node_modules\firebase-tools\lib\bin\firebase.js init hosting
[debug] [2024-04-05T17:55:29.871Z] CLI Version:   11.19.0
[debug] [2024-04-05T17:55:29.871Z] Platform:      win32
[debug] [2024-04-05T17:55:29.871Z] Node Version:  v18.12.1
[debug] [2024-04-05T17:55:29.873Z] Time:          Fri Apr 05 2024 20:55:29 GMT+0300 (Eastern European Summer Time)
[debug] [2024-04-05T17:55:29.873Z] ----------------------------------------------------------------------
[debug] 
[debug] [2024-04-05T17:55:29.883Z] > command requires scopes: ["email","openid","https://www.googleapis.com/auth/cloudplatformprojects.readonly","https://www.googleapis.com/auth/firebase","https://www.googleapis.com/auth/cloud-platform"]
[debug] [2024-04-05T17:55:29.884Z] > authorizing via signed-in user (rolandkasa95@gmail.com)
[info] 
     ######## #### ########  ######## ########     ###     ######  ########
     ##        ##  ##     ## ##       ##     ##  ##   ##  ##       ##
     ######    ##  ########  ######   ########  #########  ######  ######
     ##        ##  ##    ##  ##       ##     ## ##     ##       ## ##
     ##       #### ##     ## ######## ########  ##     ##  ######  ########

You're about to initialize a Firebase project in this directory:

  C:\Users\rolan\Documents\projects\brandusei-be

[info] 
=== Project Setup
[info] 
[info] First, let's associate this project directory with a Firebase project.
[info] You can create multiple project aliases by running firebase use --add, 
[info] but for now we'll just set up a default project.
[info] 
[info] i  If you want to create a project in a Google Cloud organization or folder, please use "firebase projects:create" instead, and return to this command when you've created the project. 
[debug] [2024-04-05T17:56:20.829Z] > refreshing access token with scopes: []
[debug] [2024-04-05T17:56:20.831Z] >>> [apiv2][query] POST https://www.googleapis.com/oauth2/v3/token [none]
[debug] [2024-04-05T17:56:20.832Z] >>> [apiv2][body] POST https://www.googleapis.com/oauth2/v3/token [omitted]
[debug] [2024-04-05T17:56:21.118Z] <<< [apiv2][status] POST https://www.googleapis.com/oauth2/v3/token 200
[debug] [2024-04-05T17:56:21.118Z] <<< [apiv2][body] POST https://www.googleapis.com/oauth2/v3/token [omitted]
[debug] [2024-04-05T17:56:21.146Z] >>> [apiv2][query] POST https://cloudresourcemanager.googleapis.com/v1/projects [none]
[debug] [2024-04-05T17:56:21.146Z] >>> [apiv2][body] POST https://cloudresourcemanager.googleapis.com/v1/projects {"projectId":"brandusei-be","name":"brandusei-be"}
[debug] [2024-04-05T17:56:22.094Z] <<< [apiv2][status] POST https://cloudresourcemanager.googleapis.com/v1/projects 409
[debug] [2024-04-05T17:56:22.094Z] <<< [apiv2][body] POST https://cloudresourcemanager.googleapis.com/v1/projects {"error":{"code":409,"message":"Requested entity already exists","status":"ALREADY_EXISTS"}}
[debug] [2024-04-05T17:56:22.096Z] FirebaseError: HTTP Error: 409, Requested entity already exists
    at responseToError (C:\Users\rolan\AppData\Roaming\npm\node_modules\firebase-tools\lib\responseToError.js:49:12)
    at RetryOperation._fn (C:\Users\rolan\AppData\Roaming\npm\node_modules\firebase-tools\lib\apiv2.js:288:77)
    at process.processTicksAndRejections (node:internal/process/task_queues:95:5)
[error] 
[error] Error: Failed to create project because there is already a project with ID brandusei-be. Please try again with a unique project ID.
